<?xml version="1.0" encoding="UTF-8"?>
<!-- Generated by org.testng.reporters.JUnitReportReporter -->
<testsuite hostname="eashan-PC" failures="0" tests="2" name="com.mavenDemo.login.loginTest" time="0.004" errors="0" timestamp="2021-09-13T17:51:11 IST" skipped="0">
  <testcase classname="com.mavenDemo.login.loginTest" name="m1" time="0.002"/>
  <system-out/>
  <testcase classname="com.mavenDemo.login.loginTest" name="m2" time="0.002"/>
  <system-out/>
</testsuite> <!-- com.mavenDemo.login.loginTest -->
